<?xml version="1.0" encoding="UTF-8"?>
<!-- Generated by org.testng.reporters.JUnitXMLReporter -->
<testsuite ignored="7" hostname="DESKTOP-AJ0BGQL" failures="5" tests="13" name="Test_all" time="733.156" errors="0" timestamp="2022-05-26T19:46:09 IST">
  <testcase classname="com.mystoreTestScript.Axelerant.Testcase_OrderPage" name="verifyTotalPrice" time="31.92"/>
  <testcase classname="com.mystoreTestScript.Axelerant.Testcase_Landingpage" name="verifyTitle" time="0.033"/>
  <testcase classname="com.mystoreTestScript.Axelerant.Testcase_Landingpage" name="verifylogo" time="6.128"/>
  <testcase classname="com.mystoreTestScript.Axelerant.EndtoEndTest" name="endToEndTest" time="79.343"/>
  <testcase classname="com.mystoreTestScript.Axelerant.Testcase_HomePage" name="WishlistTest" time="17.306"/>
  <testcase classname="com.mystoreTestScript.Axelerant.Testcase_HomePage" name="WishlistTest" time="43.705">
    <failure type="java.lang.AssertionError" message="expected [true] but found [false]">
      <![CDATA[java.lang.AssertionError: expected [true] but found [false]
at com.mystoreTestScript.Axelerant.Testcase_HomePage.WishlistTest(Testcase_HomePage.java:42)
at java.base/java.util.ArrayList.forEach(ArrayList.java:1511)
... Removed 29 stack frames]]>
    </failure>
  </testcase> <!-- WishlistTest -->
  <testcase classname="com.mystoreTestScript.Axelerant.Testcase_HomePage" name="orderhistoryTest" time="28.896"/>
  <testcase classname="com.mystoreTestScript.Axelerant.Testcase_HomePage" name="orderhistoryTest" time="31.638">
    <failure type="java.lang.AssertionError" message="expected [true] but found [false]">
      <![CDATA[java.lang.AssertionError: expected [true] but found [false]
at com.mystoreTestScript.Axelerant.Testcase_HomePage.orderhistoryTest(Testcase_HomePage.java:54)
at java.base/java.util.ArrayList.forEach(ArrayList.java:1511)
... Removed 29 stack frames]]>
    </failure>
  </testcase> <!-- orderhistoryTest -->
  <testcase classname="com.mystoreTestScript.Axelerant.Testcase_SearchResultpage" name="Productavailbilty" time="4.284">
    <failure type="java.lang.IllegalArgumentException" message="Must provide a location for a move action.">
      <![CDATA[java.lang.IllegalArgumentException: Must provide a location for a move action.
at org.openqa.selenium.interactions.MoveMouseAction.<init>(MoveMouseAction.java:37)
at org.openqa.selenium.interactions.Actions.moveToElement(Actions.java:386)
at com.genericreusable.axelerant.Action.click(Action.java:36)
at com.pompages.axelerant.Searchresultpage.isProductAvailable(Searchresultpage.java:49)
at com.mystoreTestScript.Axelerant.Testcase_SearchResultpage.Productavailbilty(Testcase_SearchResultpage.java:41)
at java.base/java.util.ArrayList.forEach(ArrayList.java:1511)
... Removed 25 stack frames]]>
    </failure>
  </testcase> <!-- Productavailbilty -->
  <testcase classname="com.mystoreTestScript.Axelerant.Testcase_addtocartpage" name="addToCartTest" time="13.072"/>
  <testcase classname="com.mystoreTestScript.Axelerant.Testcase_sort_filter" name="sortfilter" time="5.226">
    <failure type="org.openqa.selenium.ElementNotInteractableException" message="element not interactable: http://automationpractice.com/index.php?id_category=11&amp;amp;controller=category has no size and location
  (Session info: chrome=101.0.4951.67)
Build info: version: &amp;apos;3.141.59&amp;apos;, revision: &amp;apos;e82be7d358&amp;apos;, time: &amp;apos;2018-11-14T08:17:03&amp;apos;
System info: host: &amp;apos;DESKTOP-AJ0BGQL&amp;apos;, ip: &amp;apos;192.168.1.11&amp;apos;, os.name: &amp;apos;Windows 10&amp;apos;, os.arch: &amp;apos;amd64&amp;apos;, os.version: &amp;apos;10.0&amp;apos;, java.version: &amp;apos;18.0.1&amp;apos;
Driver info: org.openqa.selenium.chrome.ChromeDriver
Capabilities {acceptInsecureCerts: false, browserName: chrome, browserVersion: 101.0.4951.67, chrome: {chromedriverVersion: 101.0.4951.41 (93c720db8323..., userDataDir: C:\Users\user\AppData\Local...}, goog:chromeOptions: {debuggerAddress: localhost:3145}, javascriptEnabled: true, networkConnectionEnabled: false, pageLoadStrategy: normal, platform: WINDOWS, platformName: WINDOWS, proxy: Proxy(), setWindowRect: true, strictFileInteractability: false, timeouts: {implicit: 0, pageLoad: 300000, script: 30000}, unhandledPromptBehavior: dismiss and notify, webauthn:extension:credBlob: true, webauthn:extension:largeBlob: true, webauthn:virtualAuthenticators: true}
Session ID: ee9a0faba077598aef6c45095fd47635">
      <![CDATA[org.openqa.selenium.ElementNotInteractableException: element not interactable: http://automationpractice.com/index.php?id_category=11&controller=category has no size and location
  (Session info: chrome=101.0.4951.67)
Build info: version: '3.141.59', revision: 'e82be7d358', time: '2018-11-14T08:17:03'
System info: host: 'DESKTOP-AJ0BGQL', ip: '192.168.1.11', os.name: 'Windows 10', os.arch: 'amd64', os.version: '10.0', java.version: '18.0.1'
Driver info: org.openqa.selenium.chrome.ChromeDriver
Capabilities {acceptInsecureCerts: false, browserName: chrome, browserVersion: 101.0.4951.67, chrome: {chromedriverVersion: 101.0.4951.41 (93c720db8323..., userDataDir: C:\Users\user\AppData\Local...}, goog:chromeOptions: {debuggerAddress: localhost:3145}, javascriptEnabled: true, networkConnectionEnabled: false, pageLoadStrategy: normal, platform: WINDOWS, platformName: WINDOWS, proxy: Proxy(), setWindowRect: true, strictFileInteractability: false, timeouts: {implicit: 0, pageLoad: 300000, script: 30000}, unhandledPromptBehavior: dismiss and notify, webauthn:extension:credBlob: true, webauthn:extension:largeBlob: true, webauthn:virtualAuthenticators: true}
Session ID: ee9a0faba077598aef6c45095fd47635
at org.openqa.selenium.remote.http.W3CHttpResponseCodec.createException(W3CHttpResponseCodec.java:187)
at org.openqa.selenium.remote.http.W3CHttpResponseCodec.decode(W3CHttpResponseCodec.java:122)
at org.openqa.selenium.remote.http.W3CHttpResponseCodec.decode(W3CHttpResponseCodec.java:49)
at org.openqa.selenium.remote.HttpCommandExecutor.execute(HttpCommandExecutor.java:158)
at org.openqa.selenium.remote.service.DriverCommandExecutor.execute(DriverCommandExecutor.java:83)
at org.openqa.selenium.remote.RemoteWebDriver.execute(RemoteWebDriver.java:552)
at org.openqa.selenium.remote.RemoteWebDriver.perform(RemoteWebDriver.java:618)
at org.openqa.selenium.interactions.Actions$BuiltAction.perform(Actions.java:639)
at com.genericreusable.axelerant.Action.click(Action.java:36)
at com.pompages.axelerant.fillter_sorting.clickonsummeroption(fillter_sorting.java:42)
at com.mystoreTestScript.Axelerant.Testcase_sort_filter.sortfilter(Testcase_sort_filter.java:42)
at java.base/java.util.ArrayList.forEach(ArrayList.java:1511)
... Removed 28 stack frames]]>
    </failure>
  </testcase> <!-- sortfilter -->
  <testcase classname="com.mystoreTestScript.Axelerant.Testcase_Loginpage" name="loginTest" time="16.815"/>
  <testcase classname="com.mystoreTestScript.Axelerant.Testcase_Loginpage" name="loginTest" time="10.402">
    <failure type="java.lang.AssertionError" message="expected [http://automationpractice.com/index.php?controller=my-account] but found [http://automationpractice.com/index.php?controller=authentication]">
      <![CDATA[java.lang.AssertionError: expected [http://automationpractice.com/index.php?controller=my-account] but found [http://automationpractice.com/index.php?controller=authentication]
at com.mystoreTestScript.Axelerant.Testcase_Loginpage.loginTest(Testcase_Loginpage.java:55)
at java.base/java.util.ArrayList.forEach(ArrayList.java:1511)
... Removed 30 stack frames]]>
    </failure>
  </testcase> <!-- loginTest -->
  <testcase classname="com.genericreusable.axelerant.BaseClass" name="@BeforeTest loadConfig" time="0.0">
    <ignored/>
  </testcase> <!-- @BeforeTest loadConfig -->
  <testcase classname="com.genericreusable.axelerant.BaseClass" name="@BeforeTest loadConfig" time="0.0">
    <ignored/>
  </testcase> <!-- @BeforeTest loadConfig -->
  <testcase classname="com.genericreusable.axelerant.BaseClass" name="@BeforeTest loadConfig" time="0.0">
    <ignored/>
  </testcase> <!-- @BeforeTest loadConfig -->
  <testcase classname="com.genericreusable.axelerant.BaseClass" name="@BeforeTest loadConfig" time="0.0">
    <ignored/>
  </testcase> <!-- @BeforeTest loadConfig -->
  <testcase classname="com.genericreusable.axelerant.BaseClass" name="@BeforeTest loadConfig" time="0.0">
    <ignored/>
  </testcase> <!-- @BeforeTest loadConfig -->
  <testcase classname="com.genericreusable.axelerant.BaseClass" name="@BeforeTest loadConfig" time="0.0">
    <ignored/>
  </testcase> <!-- @BeforeTest loadConfig -->
  <testcase classname="com.genericreusable.axelerant.BaseClass" name="@BeforeTest loadConfig" time="0.0">
    <ignored/>
  </testcase> <!-- @BeforeTest loadConfig -->
</testsuite> <!-- Test_all -->
