<html>
<head>
<title>TestNG:  Test</title>
<link href="../testng.css" rel="stylesheet" type="text/css" />
<link href="../my-testng.css" rel="stylesheet" type="text/css" />

<style type="text/css">
.log { display: none;} 
.stack-trace { display: none;} 
</style>
<script type="text/javascript">
<!--
function flip(e) {
  current = e.style.display;
  if (current == 'block') {
    e.style.display = 'none';
    return 0;
  }
  else {
    e.style.display = 'block';
    return 1;
  }
}

function toggleBox(szDivId, elem, msg1, msg2)
{
  var res = -1;  if (document.getElementById) {
    res = flip(document.getElementById(szDivId));
  }
  else if (document.all) {
    // this is the way old msie versions work
    res = flip(document.all[szDivId]);
  }
  if(elem) {
    if(res == 0) elem.innerHTML = msg1; else elem.innerHTML = msg2;
  }

}

function toggleAllBoxes() {
  if (document.getElementsByTagName) {
    d = document.getElementsByTagName('div');
    for (i = 0; i < d.length; i++) {
      if (d[i].className == 'log') {
        flip(d[i]);
      }
    }
  }
}

// -->
</script>

</head>
<body>
<h2 align='center'>Test</h2><table border='1' align="center">
<tr>
<td>Tests passed/Failed/Skipped:</td><td>9/3/0</td>
</tr><tr>
<td>Started on:</td><td>Thu May 26 21:50:49 IST 2022</td>
</tr>
<tr><td>Total time:</td><td>508 seconds (508881 ms)</td>
</tr><tr>
<td>Included groups:</td><td></td>
</tr><tr>
<td>Excluded groups:</td><td></td>
</tr>
</table><p/>
<small><i>(Hover the method name to see the test class name)</i></small><p/>
<table width='100%' border='1' class='invocation-failed'>
<tr><td colspan='4' align='center'><b>FAILED TESTS</b></td></tr>
<tr><td><b>Test method</b></td>
<td width="30%"><b>Exception</b></td>
<td width="10%"><b>Time (seconds)</b></td>
<td><b>Instance</b></td>
</tr>
<tr>
<td title='com.mystoreTestScript.Axelerant.Testcase_HomePage.WishlistTest()'><b>WishlistTest</b><br>Test class: com.mystoreTestScript.Axelerant.Testcase_HomePage<br>Parameters: dggdhhh@gmail.com, kfjuhnn</td>
<td><div><pre>java.lang.AssertionError: expected [true] but found [false]
	at com.mystoreTestScript.Axelerant.Testcase_HomePage.WishlistTest(Testcase_HomePage.java:42)
	at java.base/java.util.ArrayList.forEach(ArrayList.java:1511)
... Removed 29 stack frames</pre></div><a href='#' onClick='toggleBox("stack-trace1520927218", this, "Click to show all stack frames", "Click to hide stack frames")'>Click to show all stack frames</a>
<div class='stack-trace' id='stack-trace1520927218'><pre>java.lang.AssertionError: expected [true] but found [false]
	at org.testng.Assert.fail(Assert.java:97)
	at org.testng.Assert.failNotEquals(Assert.java:969)
	at org.testng.Assert.assertTrue(Assert.java:43)
	at org.testng.Assert.assertTrue(Assert.java:53)
	at com.mystoreTestScript.Axelerant.Testcase_HomePage.WishlistTest(Testcase_HomePage.java:42)
	at java.base/jdk.internal.reflect.DirectMethodHandleAccessor.invoke(DirectMethodHandleAccessor.java:104)
	at java.base/java.lang.reflect.Method.invoke(Method.java:577)
	at org.testng.internal.MethodInvocationHelper.invokeMethod(MethodInvocationHelper.java:134)
	at org.testng.internal.TestInvoker.invokeMethod(TestInvoker.java:597)
	at org.testng.internal.TestInvoker.invokeTestMethod(TestInvoker.java:173)
	at org.testng.internal.MethodRunner.runInSequence(MethodRunner.java:46)
	at org.testng.internal.TestInvoker$MethodInvocationAgent.invoke(TestInvoker.java:816)
	at org.testng.internal.TestInvoker.invokeTestMethods(TestInvoker.java:146)
	at org.testng.internal.TestMethodWorker.invokeTestMethods(TestMethodWorker.java:146)
	at org.testng.internal.TestMethodWorker.run(TestMethodWorker.java:128)
	at java.base/java.util.ArrayList.forEach(ArrayList.java:1511)
	at org.testng.TestRunner.privateRun(TestRunner.java:766)
	at org.testng.TestRunner.run(TestRunner.java:587)
	at org.testng.SuiteRunner.runTest(SuiteRunner.java:384)
	at org.testng.SuiteRunner.runSequentially(SuiteRunner.java:378)
	at org.testng.SuiteRunner.privateRun(SuiteRunner.java:337)
	at org.testng.SuiteRunner.run(SuiteRunner.java:286)
	at org.testng.SuiteRunnerWorker.runSuite(SuiteRunnerWorker.java:53)
	at org.testng.SuiteRunnerWorker.run(SuiteRunnerWorker.java:96)
	at org.testng.TestNG.runSuitesSequentially(TestNG.java:1187)
	at org.testng.TestNG.runSuitesLocally(TestNG.java:1109)
	at org.testng.TestNG.runSuites(TestNG.java:1039)
	at org.testng.TestNG.run(TestNG.java:1007)
	at org.testng.remote.AbstractRemoteTestNG.run(AbstractRemoteTestNG.java:115)
	at org.testng.remote.RemoteTestNG.initAndRun(RemoteTestNG.java:251)
	at org.testng.remote.RemoteTestNG.main(RemoteTestNG.java:77)
</pre></div></td>
<td>11</td>
<td>com.mystoreTestScript.Axelerant.Testcase_HomePage@7690781</td></tr>
<tr>
<td title='com.mystoreTestScript.Axelerant.Testcase_Loginpage.loginTest()'><b>loginTest</b><br>Test class: com.mystoreTestScript.Axelerant.Testcase_Loginpage<br>Parameters: dggdhhh@gmail.com, kfjuhnn</td>
<td><div><pre>java.lang.AssertionError: expected [http://automationpractice.com/index.php?controller=my-account] but found [http://automationpractice.com/index.php?controller=authentication]
	at com.mystoreTestScript.Axelerant.Testcase_Loginpage.loginTest(Testcase_Loginpage.java:55)
	at java.base/java.util.ArrayList.forEach(ArrayList.java:1511)
... Removed 30 stack frames</pre></div><a href='#' onClick='toggleBox("stack-trace1637432600", this, "Click to show all stack frames", "Click to hide stack frames")'>Click to show all stack frames</a>
<div class='stack-trace' id='stack-trace1637432600'><pre>java.lang.AssertionError: expected [http://automationpractice.com/index.php?controller=my-account] but found [http://automationpractice.com/index.php?controller=authentication]
	at org.testng.Assert.fail(Assert.java:97)
	at org.testng.Assert.assertEqualsImpl(Assert.java:136)
	at org.testng.Assert.assertEquals(Assert.java:118)
	at org.testng.Assert.assertEquals(Assert.java:575)
	at org.testng.Assert.assertEquals(Assert.java:585)
	at com.mystoreTestScript.Axelerant.Testcase_Loginpage.loginTest(Testcase_Loginpage.java:55)
	at java.base/jdk.internal.reflect.DirectMethodHandleAccessor.invoke(DirectMethodHandleAccessor.java:104)
	at java.base/java.lang.reflect.Method.invoke(Method.java:577)
	at org.testng.internal.MethodInvocationHelper.invokeMethod(MethodInvocationHelper.java:134)
	at org.testng.internal.TestInvoker.invokeMethod(TestInvoker.java:597)
	at org.testng.internal.TestInvoker.invokeTestMethod(TestInvoker.java:173)
	at org.testng.internal.MethodRunner.runInSequence(MethodRunner.java:46)
	at org.testng.internal.TestInvoker$MethodInvocationAgent.invoke(TestInvoker.java:816)
	at org.testng.internal.TestInvoker.invokeTestMethods(TestInvoker.java:146)
	at org.testng.internal.TestMethodWorker.invokeTestMethods(TestMethodWorker.java:146)
	at org.testng.internal.TestMethodWorker.run(TestMethodWorker.java:128)
	at java.base/java.util.ArrayList.forEach(ArrayList.java:1511)
	at org.testng.TestRunner.privateRun(TestRunner.java:766)
	at org.testng.TestRunner.run(TestRunner.java:587)
	at org.testng.SuiteRunner.runTest(SuiteRunner.java:384)
	at org.testng.SuiteRunner.runSequentially(SuiteRunner.java:378)
	at org.testng.SuiteRunner.privateRun(SuiteRunner.java:337)
	at org.testng.SuiteRunner.run(SuiteRunner.java:286)
	at org.testng.SuiteRunnerWorker.runSuite(SuiteRunnerWorker.java:53)
	at org.testng.SuiteRunnerWorker.run(SuiteRunnerWorker.java:96)
	at org.testng.TestNG.runSuitesSequentially(TestNG.java:1187)
	at org.testng.TestNG.runSuitesLocally(TestNG.java:1109)
	at org.testng.TestNG.runSuites(TestNG.java:1039)
	at org.testng.TestNG.run(TestNG.java:1007)
	at org.testng.remote.AbstractRemoteTestNG.run(AbstractRemoteTestNG.java:115)
	at org.testng.remote.RemoteTestNG.initAndRun(RemoteTestNG.java:251)
	at org.testng.remote.RemoteTestNG.main(RemoteTestNG.java:77)
</pre></div></td>
<td>15</td>
<td>com.mystoreTestScript.Axelerant.Testcase_Loginpage@2e222612</td></tr>
<tr>
<td title='com.mystoreTestScript.Axelerant.Testcase_HomePage.orderhistoryTest()'><b>orderhistoryTest</b><br>Test class: com.mystoreTestScript.Axelerant.Testcase_HomePage<br>Parameters: dggdhhh@gmail.com, kfjuhnn</td>
<td><div><pre>java.lang.AssertionError: expected [true] but found [false]
	at com.mystoreTestScript.Axelerant.Testcase_HomePage.orderhistoryTest(Testcase_HomePage.java:54)
	at java.base/java.util.ArrayList.forEach(ArrayList.java:1511)
... Removed 29 stack frames</pre></div><a href='#' onClick='toggleBox("stack-trace109767760", this, "Click to show all stack frames", "Click to hide stack frames")'>Click to show all stack frames</a>
<div class='stack-trace' id='stack-trace109767760'><pre>java.lang.AssertionError: expected [true] but found [false]
	at org.testng.Assert.fail(Assert.java:97)
	at org.testng.Assert.failNotEquals(Assert.java:969)
	at org.testng.Assert.assertTrue(Assert.java:43)
	at org.testng.Assert.assertTrue(Assert.java:53)
	at com.mystoreTestScript.Axelerant.Testcase_HomePage.orderhistoryTest(Testcase_HomePage.java:54)
	at java.base/jdk.internal.reflect.DirectMethodHandleAccessor.invoke(DirectMethodHandleAccessor.java:104)
	at java.base/java.lang.reflect.Method.invoke(Method.java:577)
	at org.testng.internal.MethodInvocationHelper.invokeMethod(MethodInvocationHelper.java:134)
	at org.testng.internal.TestInvoker.invokeMethod(TestInvoker.java:597)
	at org.testng.internal.TestInvoker.invokeTestMethod(TestInvoker.java:173)
	at org.testng.internal.MethodRunner.runInSequence(MethodRunner.java:46)
	at org.testng.internal.TestInvoker$MethodInvocationAgent.invoke(TestInvoker.java:816)
	at org.testng.internal.TestInvoker.invokeTestMethods(TestInvoker.java:146)
	at org.testng.internal.TestMethodWorker.invokeTestMethods(TestMethodWorker.java:146)
	at org.testng.internal.TestMethodWorker.run(TestMethodWorker.java:128)
	at java.base/java.util.ArrayList.forEach(ArrayList.java:1511)
	at org.testng.TestRunner.privateRun(TestRunner.java:766)
	at org.testng.TestRunner.run(TestRunner.java:587)
	at org.testng.SuiteRunner.runTest(SuiteRunner.java:384)
	at org.testng.SuiteRunner.runSequentially(SuiteRunner.java:378)
	at org.testng.SuiteRunner.privateRun(SuiteRunner.java:337)
	at org.testng.SuiteRunner.run(SuiteRunner.java:286)
	at org.testng.SuiteRunnerWorker.runSuite(SuiteRunnerWorker.java:53)
	at org.testng.SuiteRunnerWorker.run(SuiteRunnerWorker.java:96)
	at org.testng.TestNG.runSuitesSequentially(TestNG.java:1187)
	at org.testng.TestNG.runSuitesLocally(TestNG.java:1109)
	at org.testng.TestNG.runSuites(TestNG.java:1039)
	at org.testng.TestNG.run(TestNG.java:1007)
	at org.testng.remote.AbstractRemoteTestNG.run(AbstractRemoteTestNG.java:115)
	at org.testng.remote.RemoteTestNG.initAndRun(RemoteTestNG.java:251)
	at org.testng.remote.RemoteTestNG.main(RemoteTestNG.java:77)
</pre></div></td>
<td>30</td>
<td>com.mystoreTestScript.Axelerant.Testcase_HomePage@7690781</td></tr>
</table><p>
<table width='100%' border='1' class='invocation-passed'>
<tr><td colspan='4' align='center'><b>PASSED TESTS</b></td></tr>
<tr><td><b>Test method</b></td>
<td width="30%"><b>Exception</b></td>
<td width="10%"><b>Time (seconds)</b></td>
<td><b>Instance</b></td>
</tr>
<tr>
<td title='com.mystoreTestScript.Axelerant.Testcase_HomePage.WishlistTest()'><b>WishlistTest</b><br>Test class: com.mystoreTestScript.Axelerant.Testcase_HomePage<br>Parameters: gudusamal2017@gmail.com, gudulu@123</td>
<td></td>
<td>10</td>
<td>com.mystoreTestScript.Axelerant.Testcase_HomePage@7690781</td></tr>
<tr>
<td title='com.mystoreTestScript.Axelerant.Testcase_addtocartpage.addToCartTest()'><b>addToCartTest</b><br>Test class: com.mystoreTestScript.Axelerant.Testcase_addtocartpage<br>Parameters: t-shirt, 2.0, M</td>
<td></td>
<td>34</td>
<td>com.mystoreTestScript.Axelerant.Testcase_addtocartpage@77eca502</td></tr>
<tr>
<td title='com.mystoreTestScript.Axelerant.EndtoEndTest.endToEndTest()'><b>endToEndTest</b><br>Test class: com.mystoreTestScript.Axelerant.EndtoEndTest<br>Parameters: t-shirt, 2.0, M</td>
<td></td>
<td>35</td>
<td>com.mystoreTestScript.Axelerant.EndtoEndTest@4d910fd6</td></tr>
<tr>
<td title='com.mystoreTestScript.Axelerant.Testcase_Loginpage.loginTest()'><b>loginTest</b><br>Test class: com.mystoreTestScript.Axelerant.Testcase_Loginpage<br>Parameters: gudusamal2017@gmail.com, gudulu@123</td>
<td></td>
<td>26</td>
<td>com.mystoreTestScript.Axelerant.Testcase_Loginpage@2e222612</td></tr>
<tr>
<td title='com.mystoreTestScript.Axelerant.Testcase_HomePage.orderhistoryTest()'><b>orderhistoryTest</b><br>Test class: com.mystoreTestScript.Axelerant.Testcase_HomePage<br>Parameters: gudusamal2017@gmail.com, gudulu@123</td>
<td></td>
<td>17</td>
<td>com.mystoreTestScript.Axelerant.Testcase_HomePage@7690781</td></tr>
<tr>
<td title='com.mystoreTestScript.Axelerant.Testcase_sort_filter.sortfilter()'><b>sortfilter</b><br>Test class: com.mystoreTestScript.Axelerant.Testcase_sort_filter</td>
<td></td>
<td>28</td>
<td>com.mystoreTestScript.Axelerant.Testcase_sort_filter@3246fb96</td></tr>
<tr>
<td title='com.mystoreTestScript.Axelerant.Testcase_Landingpage.verifyTitle()'><b>verifyTitle</b><br>Test class: com.mystoreTestScript.Axelerant.Testcase_Landingpage</td>
<td></td>
<td>0</td>
<td>com.mystoreTestScript.Axelerant.Testcase_Landingpage@26275bef</td></tr>
<tr>
<td title='com.mystoreTestScript.Axelerant.Testcase_OrderPage.verifyTotalPrice()'><b>verifyTotalPrice</b><br>Test class: com.mystoreTestScript.Axelerant.Testcase_OrderPage<br>Parameters: t-shirt, 2.0, M</td>
<td></td>
<td>48</td>
<td>com.mystoreTestScript.Axelerant.Testcase_OrderPage@140c9f39</td></tr>
<tr>
<td title='com.mystoreTestScript.Axelerant.Testcase_Landingpage.verifylogo()'><b>verifylogo</b><br>Test class: com.mystoreTestScript.Axelerant.Testcase_Landingpage</td>
<td></td>
<td>6</td>
<td>com.mystoreTestScript.Axelerant.Testcase_Landingpage@26275bef</td></tr>
</table><p>
</body>
</html>