<?xml version="1.0" encoding="UTF-8"?>
<!-- Generated by org.testng.reporters.JUnitXMLReporter -->
<testsuite ignored="6" hostname="DESKTOP-AJ0BGQL" failures="3" tests="12" name="Test" time="508.881" errors="0" timestamp="2022-05-26T21:59:18 IST">
  <testcase classname="com.mystoreTestScript.Axelerant.Testcase_OrderPage" name="verifyTotalPrice" time="48.41"/>
  <testcase classname="com.mystoreTestScript.Axelerant.EndtoEndTest" name="endToEndTest" time="35.922"/>
  <testcase classname="com.mystoreTestScript.Axelerant.Testcase_Landingpage" name="verifyTitle" time="0.016"/>
  <testcase classname="com.mystoreTestScript.Axelerant.Testcase_Landingpage" name="verifylogo" time="6.089"/>
  <testcase classname="com.mystoreTestScript.Axelerant.Testcase_HomePage" name="WishlistTest" time="10.32"/>
  <testcase classname="com.mystoreTestScript.Axelerant.Testcase_HomePage" name="WishlistTest" time="11.611">
    <failure type="java.lang.AssertionError" message="expected [true] but found [false]">
      <![CDATA[java.lang.AssertionError: expected [true] but found [false]
at com.mystoreTestScript.Axelerant.Testcase_HomePage.WishlistTest(Testcase_HomePage.java:42)
at java.base/java.util.ArrayList.forEach(ArrayList.java:1511)
... Removed 29 stack frames]]>
    </failure>
  </testcase> <!-- WishlistTest -->
  <testcase classname="com.mystoreTestScript.Axelerant.Testcase_HomePage" name="orderhistoryTest" time="17.622"/>
  <testcase classname="com.mystoreTestScript.Axelerant.Testcase_HomePage" name="orderhistoryTest" time="30.226">
    <failure type="java.lang.AssertionError" message="expected [true] but found [false]">
      <![CDATA[java.lang.AssertionError: expected [true] but found [false]
at com.mystoreTestScript.Axelerant.Testcase_HomePage.orderhistoryTest(Testcase_HomePage.java:54)
at java.base/java.util.ArrayList.forEach(ArrayList.java:1511)
... Removed 29 stack frames]]>
    </failure>
  </testcase> <!-- orderhistoryTest -->
  <testcase classname="com.mystoreTestScript.Axelerant.Testcase_addtocartpage" name="addToCartTest" time="34.239"/>
  <testcase classname="com.mystoreTestScript.Axelerant.Testcase_sort_filter" name="sortfilter" time="28.518"/>
  <testcase classname="com.mystoreTestScript.Axelerant.Testcase_Loginpage" name="loginTest" time="26.644"/>
  <testcase classname="com.mystoreTestScript.Axelerant.Testcase_Loginpage" name="loginTest" time="15.328">
    <failure type="java.lang.AssertionError" message="expected [http://automationpractice.com/index.php?controller=my-account] but found [http://automationpractice.com/index.php?controller=authentication]">
      <![CDATA[java.lang.AssertionError: expected [http://automationpractice.com/index.php?controller=my-account] but found [http://automationpractice.com/index.php?controller=authentication]
at com.mystoreTestScript.Axelerant.Testcase_Loginpage.loginTest(Testcase_Loginpage.java:55)
at java.base/java.util.ArrayList.forEach(ArrayList.java:1511)
... Removed 30 stack frames]]>
    </failure>
  </testcase> <!-- loginTest -->
  <testcase classname="com.genericreusable.axelerant.BaseClass" name="@BeforeTest loadConfig" time="0.0">
    <ignored/>
  </testcase> <!-- @BeforeTest loadConfig -->
  <testcase classname="com.genericreusable.axelerant.BaseClass" name="@BeforeTest loadConfig" time="0.0">
    <ignored/>
  </testcase> <!-- @BeforeTest loadConfig -->
  <testcase classname="com.genericreusable.axelerant.BaseClass" name="@BeforeTest loadConfig" time="0.0">
    <ignored/>
  </testcase> <!-- @BeforeTest loadConfig -->
  <testcase classname="com.genericreusable.axelerant.BaseClass" name="@BeforeTest loadConfig" time="0.0">
    <ignored/>
  </testcase> <!-- @BeforeTest loadConfig -->
  <testcase classname="com.genericreusable.axelerant.BaseClass" name="@BeforeTest loadConfig" time="0.0">
    <ignored/>
  </testcase> <!-- @BeforeTest loadConfig -->
  <testcase classname="com.genericreusable.axelerant.BaseClass" name="@BeforeTest loadConfig" time="0.0">
    <ignored/>
  </testcase> <!-- @BeforeTest loadConfig -->
</testsuite> <!-- Test -->
